<?xml version="1.0" encoding="UTF-8"?>
<!-- Generated by org.testng.reporters.JUnitReportReporter -->
<testsuite hostname="EmSystem7" failures="0" tests="1" name="com.e7.testcases.AddCustomerTest" time="5.152" errors="0" timestamp="2020-12-25T20:41:23 EST" skipped="0">
  <testcase classname="com.e7.testcases.AddCustomerTest" name="addCustomer" time="5.152"/>
  <system-out/>
</testsuite> <!-- com.e7.testcases.AddCustomerTest -->
