<?xml version="1.0" encoding="UTF-8"?>
<!-- Generated by org.testng.reporters.JUnitReportReporter -->
<testsuite hostname="EmSystem7" failures="0" tests="1" name="com.e7.testcases.BankManagerLoginTest" time="0.467" errors="0" timestamp="2020-12-25T20:41:23 EST" skipped="0">
  <testcase classname="com.e7.testcases.BankManagerLoginTest" name="loginAsBankManager" time="0.467"/>
  <system-out/>
</testsuite> <!-- com.e7.testcases.BankManagerLoginTest -->
