<?xml version="1.0" encoding="UTF-8"?>
<!-- Generated by org.testng.reporters.JUnitReportReporter -->
<testsuite hostname="EmSystem7" failures="0" tests="4" name="com.e7.testcases.AddCustomerTest" time="2.369" errors="0" timestamp="19 Jan 2021 21:33:20 GMT" skipped="1">
  <testcase classname="com.e7.testcases.AddCustomerTest" name="addCustomerTest" time="0.582"/>
  <testcase classname="com.e7.testcases.AddCustomerTest" name="addCustomerTest" time="1.244"/>
  <testcase classname="com.e7.testcases.AddCustomerTest" name="addCustomerTest" time="0.001">
    <skipped/>
  </testcase> <!-- addCustomerTest -->
  <testcase classname="com.e7.testcases.AddCustomerTest" name="addCustomerTest" time="0.542"/>
</testsuite> <!-- com.e7.testcases.AddCustomerTest -->
