<?xml version="1.0" encoding="UTF-8"?>
<!-- Generated by org.testng.reporters.JUnitReportReporter -->
<testsuite hostname="EmSystem7" failures="0" tests="1" name="com.e7.testcases.BankManagerLoginTest" time="4.786" errors="0" timestamp="19 Jan 2021 21:33:20 GMT" skipped="0">
  <testcase classname="com.e7.testcases.BankManagerLoginTest" name="bankManagerLoginTest" time="4.786"/>
</testsuite> <!-- com.e7.testcases.BankManagerLoginTest -->
